<?xml version="1.0" encoding="UTF-8"?>
<!-- Generated by org.testng.reporters.JUnitXMLReporter -->
<testsuite ignored="0" hostname="DESKTOP-RCPQQ8F" failures="0" tests="6" name="Default test" time="74.764" errors="0" timestamp="2021-12-29T01:06:44 IST">
  <testcase classname="io.cucumber.testng.AbstractTestNGCucumberTests" name="runScenario" time="9.709"/>
  <testcase classname="io.cucumber.testng.AbstractTestNGCucumberTests" name="runScenario" time="9.352"/>
  <testcase classname="io.cucumber.testng.AbstractTestNGCucumberTests" name="runScenario" time="8.886"/>
  <testcase classname="automationproject.OrderCheckoutFlowTest" name="Process" time="27.324"/>
  <testcase classname="automationproject.LoginTest" name="loginSuccess" time="8.077"/>
  <testcase classname="automationproject.RegistrationTest" name="shouldRegisterSuccessfully" time="11.225"/>
</testsuite> <!-- Default test -->
