<?xml version="1.0" encoding="UTF-8"?>
<!-- Generated by org.testng.reporters.JUnitXMLReporter -->
<testsuite ignored="0" hostname="DESKTOP-RCPQQ8F" failures="0" tests="3" name="Test" time="80.2" errors="0" timestamp="2021-12-28T22:24:30 IST">
  <testcase classname="automationproject.RegistrationTest" name="shouldRegisterSuccessfully" time="35.157"/>
  <testcase classname="automationproject.LoginTest" name="loginSuccess" time="63.495"/>
  <testcase classname="automationproject.OrderCheckoutFlowTest" name="Process" time="80.156"/>
</testsuite> <!-- Test -->
