<?xml version="1.0" encoding="UTF-8"?>
<testng-results ignored="0" total="6" passed="6" failed="0" skipped="0">
  <reporter-output>
  </reporter-output>
  <suite started-at="2021-12-29T01:05:29 IST" name="Default suite" finished-at="2021-12-29T01:06:44 IST" duration-ms="74764">
    <groups>
      <group name="cucumber">
        <method signature="AbstractTestNGCucumberTests.runScenario(io.cucumber.testng.PickleWrapper,io.cucumber.testng.FeatureWrapper)[pri:0, instance:cucumberRunner.CucumberTestNGRunner@7526515b]" name="runScenario" class="io.cucumber.testng.AbstractTestNGCucumberTests"/>
      </group> <!-- cucumber -->
    </groups>
    <test started-at="2021-12-29T01:05:29 IST" name="Default test" finished-at="2021-12-29T01:06:44 IST" duration-ms="74764">
      <class name="automationproject.OrderCheckoutFlowTest">
        <test-method signature="Process()[pri:0, instance:automationproject.OrderCheckoutFlowTest@7772054c]" started-at="2021-12-29T01:05:58 IST" name="Process" finished-at="2021-12-29T01:06:25 IST" duration-ms="27324" status="PASS">
          <reporter-output>
          </reporter-output>
        </test-method> <!-- Process -->
      </class> <!-- automationproject.OrderCheckoutFlowTest -->
      <class name="cucumberRunner.CucumberTestNGRunner">
        <test-method is-config="true" signature="setUpClass(org.testng.ITestContext)[pri:0, instance:cucumberRunner.CucumberTestNGRunner@7526515b]" started-at="2021-12-29T01:05:29 IST" name="setUpClass" finished-at="2021-12-29T01:05:30 IST" duration-ms="160" status="PASS">
          <params>
            <param index="0">
              <value>
                <![CDATA[org.testng.TestRunner@19b07407]]>
              </value>
            </param>
          </params>
          <reporter-output>
          </reporter-output>
        </test-method> <!-- setUpClass -->
        <test-method signature="runScenario(io.cucumber.testng.PickleWrapper,io.cucumber.testng.FeatureWrapper)[pri:0, instance:cucumberRunner.CucumberTestNGRunner@7526515b]" started-at="2021-12-29T01:05:30 IST" name="runScenario" description="Runs Cucumber Scenarios" data-provider="scenarios" finished-at="2021-12-29T01:05:39 IST" duration-ms="9709" status="PASS">
          <params>
            <param index="0">
              <value>
                <![CDATA["Login Test for website"]]>
              </value>
            </param>
            <param index="1">
              <value>
                <![CDATA["Optional[Login Feature for automationpractice.com]"]]>
              </value>
            </param>
          </params>
          <reporter-output>
          </reporter-output>
        </test-method> <!-- runScenario -->
        <test-method signature="runScenario(io.cucumber.testng.PickleWrapper,io.cucumber.testng.FeatureWrapper)[pri:0, instance:cucumberRunner.CucumberTestNGRunner@7526515b]" started-at="2021-12-29T01:05:39 IST" name="runScenario" description="Runs Cucumber Scenarios" data-provider="scenarios" finished-at="2021-12-29T01:05:49 IST" duration-ms="9352" status="PASS">
          <params>
            <param index="0">
              <value>
                <![CDATA["Login Test for website"]]>
              </value>
            </param>
            <param index="1">
              <value>
                <![CDATA["Optional[Login Feature for automationpractice.com]"]]>
              </value>
            </param>
          </params>
          <reporter-output>
          </reporter-output>
        </test-method> <!-- runScenario -->
        <test-method signature="runScenario(io.cucumber.testng.PickleWrapper,io.cucumber.testng.FeatureWrapper)[pri:0, instance:cucumberRunner.CucumberTestNGRunner@7526515b]" started-at="2021-12-29T01:05:49 IST" name="runScenario" description="Runs Cucumber Scenarios" data-provider="scenarios" finished-at="2021-12-29T01:05:58 IST" duration-ms="8886" status="PASS">
          <params>
            <param index="0">
              <value>
                <![CDATA["Login Test for website"]]>
              </value>
            </param>
            <param index="1">
              <value>
                <![CDATA["Optional[Login Feature for automationpractice.com]"]]>
              </value>
            </param>
          </params>
          <reporter-output>
          </reporter-output>
        </test-method> <!-- runScenario -->
        <test-method is-config="true" signature="tearDownClass()[pri:0, instance:cucumberRunner.CucumberTestNGRunner@7526515b]" started-at="2021-12-29T01:05:58 IST" name="tearDownClass" finished-at="2021-12-29T01:05:58 IST" duration-ms="2" status="PASS">
          <reporter-output>
          </reporter-output>
        </test-method> <!-- tearDownClass -->
      </class> <!-- cucumberRunner.CucumberTestNGRunner -->
      <class name="automationproject.RegistrationTest">
        <test-method signature="shouldRegisterSuccessfully()[pri:0, instance:automationproject.RegistrationTest@50a691d3]" started-at="2021-12-29T01:06:33 IST" name="shouldRegisterSuccessfully" finished-at="2021-12-29T01:06:44 IST" duration-ms="11225" status="PASS">
          <reporter-output>
          </reporter-output>
        </test-method> <!-- shouldRegisterSuccessfully -->
      </class> <!-- automationproject.RegistrationTest -->
      <class name="automationproject.LoginTest">
        <test-method signature="loginSuccess()[pri:0, instance:automationproject.LoginTest@6b667cb3]" started-at="2021-12-29T01:06:25 IST" name="loginSuccess" finished-at="2021-12-29T01:06:33 IST" duration-ms="8077" status="PASS">
          <reporter-output>
          </reporter-output>
        </test-method> <!-- loginSuccess -->
      </class> <!-- automationproject.LoginTest -->
    </test> <!-- Default test -->
  </suite> <!-- Default suite -->
</testng-results>
